# JRE version: Java(TM) SE Runtime Environment (8.0_121-b13) (build 1.8.0_121-b13)
# Java VM: Java HotSpot(TM) 64-Bit Server VM (25.121-b13 mixed mode windows-amd64 compressed oops)
Heap:
 PSYoungGen      total 210944K, used 121434K [0x00000000d5f80000, 0x00000000e7180000, 0x0000000100000000)
  eden space 196096K, 54% used [0x00000000d5f80000,0x00000000dc7f84f8,0x00000000e1f00000)
  from space 14848K, 97% used [0x00000000e6300000,0x00000000e711e588,0x00000000e7180000)
  to   space 17920K, 0% used [0x00000000e4e80000,0x00000000e4e80000,0x00000000e6000000)
 ParOldGen       total 79360K, used 23571K [0x0000000081e00000, 0x0000000086b80000, 0x00000000d5f80000)
  object space 79360K, 29% used [0x0000000081e00000,0x0000000083504d70,0x0000000086b80000)
 Metaspace       used 49616K, capacity 51984K, committed 52096K, reserved 1093632K
  class space    used 6786K, capacity 7208K, committed 7296K, reserved 1048576K
GC Heap History (10 events):
Event: 12.295 GC heap before
{Heap before GC invocations=6 (full 1):
 PSYoungGen      total 71680K, used 66560K [0x00000000d5f80000, 0x00000000daa80000, 0x0000000100000000)
  eden space 66560K, 100% used [0x00000000d5f80000,0x00000000da080000,0x00000000da080000)
  from space 5120K, 0% used [0x00000000da580000,0x00000000da580000,0x00000000daa80000)
  to   space 5120K, 0% used [0x00000000da080000,0x00000000da080000,0x00000000da580000)
 ParOldGen       total 44032K, used 5936K [0x0000000081e00000, 0x0000000084900000, 0x00000000d5f80000)
  object space 44032K, 13% used [0x0000000081e00000,0x00000000823cc030,0x0000000084900000)
 Metaspace       used 23011K, capacity 23896K, committed 24192K, reserved 1071104K
  class space    used 3114K, capacity 3334K, committed 3456K, reserved 1048576K
Event: 12.301 GC heap after
Heap after GC invocations=6 (full 1):
 PSYoungGen      total 71680K, used 5099K [0x00000000d5f80000, 0x00000000df100000, 0x0000000100000000)
  eden space 66560K, 0% used [0x00000000d5f80000,0x00000000d5f80000,0x00000000da080000)
  from space 5120K, 99% used [0x00000000da080000,0x00000000da57ac58,0x00000000da580000)
  to   space 9216K, 0% used [0x00000000de800000,0x00000000de800000,0x00000000df100000)
 ParOldGen       total 44032K, used 8941K [0x0000000081e00000, 0x0000000084900000, 0x00000000d5f80000)
  object space 44032K, 20% used [0x0000000081e00000,0x00000000826bb4b8,0x0000000084900000)
 Metaspace       used 23011K, capacity 23896K, committed 24192K, reserved 1071104K
  class space    used 3114K, capacity 3334K, committed 3456K, reserved 1048576K
}
Event: 12.748 GC heap before
{Heap before GC invocations=7 (full 1):
 PSYoungGen      total 71680K, used 71659K [0x00000000d5f80000, 0x00000000df100000, 0x0000000100000000)
  eden space 66560K, 100% used [0x00000000d5f80000,0x00000000da080000,0x00000000da080000)
  from space 5120K, 99% used [0x00000000da080000,0x00000000da57ac58,0x00000000da580000)
  to   space 9216K, 0% used [0x00000000de800000,0x00000000de800000,0x00000000df100000)
 ParOldGen       total 44032K, used 8941K [0x0000000081e00000, 0x0000000084900000, 0x00000000d5f80000)
  object space 44032K, 20% used [0x0000000081e00000,0x00000000826bb4b8,0x0000000084900000)
 Metaspace       used 26543K, capacity 27664K, committed 27776K, reserved 1073152K
  class space    used 3642K, capacity 3906K, committed 3968K, reserved 1048576K
Event: 12.756 GC heap after
Heap after GC invocations=7 (full 1):
 PSYoungGen      total 137728K, used 9192K [0x00000000d5f80000, 0x00000000df480000, 0x0000000100000000)
  eden space 128512K, 0% used [0x00000000d5f80000,0x00000000d5f80000,0x00000000ddd00000)
  from space 9216K, 99% used [0x00000000de800000,0x00000000df0fa1c8,0x00000000df100000)
  to   space 11264K, 0% used [0x00000000ddd00000,0x00000000ddd00000,0x00000000de800000)
 ParOldGen       total 44032K, used 10843K [0x0000000081e00000, 0x0000000084900000, 0x00000000d5f80000)
  object space 44032K, 24% used [0x0000000081e00000,0x0000000082896d80,0x0000000084900000)
 Metaspace       used 26543K, capacity 27664K, committed 27776K, reserved 1073152K
  class space    used 3642K, capacity 3906K, committed 3968K, reserved 1048576K
}
Event: 13.562 GC heap before
{Heap before GC invocations=8 (full 1):
 PSYoungGen      total 137728K, used 125554K [0x00000000d5f80000, 0x00000000df480000, 0x0000000100000000)
  eden space 128512K, 90% used [0x00000000d5f80000,0x00000000dd122708,0x00000000ddd00000)
  from space 9216K, 99% used [0x00000000de800000,0x00000000df0fa1c8,0x00000000df100000)
  to   space 11264K, 0% used [0x00000000ddd00000,0x00000000ddd00000,0x00000000de800000)
 ParOldGen       total 44032K, used 10843K [0x0000000081e00000, 0x0000000084900000, 0x00000000d5f80000)
  object space 44032K, 24% used [0x0000000081e00000,0x0000000082896d80,0x0000000084900000)
 Metaspace       used 33980K, capacity 35430K, committed 35496K, reserved 1079296K
  class space    used 4556K, capacity 4831K, committed 4864K, reserved 1048576K
Event: 13.575 GC heap after
Heap after GC invocations=8 (full 1):
 PSYoungGen      total 139776K, used 11243K [0x00000000d5f80000, 0x00000000e7300000, 0x0000000100000000)
  eden space 128512K, 0% used [0x00000000d5f80000,0x00000000d5f80000,0x00000000ddd00000)
  from space 11264K, 99% used [0x00000000ddd00000,0x00000000de7fad78,0x00000000de800000)
  to   space 16384K, 0% used [0x00000000e6300000,0x00000000e6300000,0x00000000e7300000)
 ParOldGen       total 44032K, used 17896K [0x0000000081e00000, 0x0000000084900000, 0x00000000d5f80000)
  object space 44032K, 40% used [0x0000000081e00000,0x0000000082f7a0c8,0x0000000084900000)
 Metaspace       used 33980K, capacity 35430K, committed 35496K, reserved 1079296K
  class space    used 4556K, capacity 4831K, committed 4864K, reserved 1048576K
}
Event: 13.575 GC heap before
{Heap before GC invocations=9 (full 2):
 PSYoungGen      total 139776K, used 11243K [0x00000000d5f80000, 0x00000000e7300000, 0x0000000100000000)
  eden space 128512K, 0% used [0x00000000d5f80000,0x00000000d5f80000,0x00000000ddd00000)
  from space 11264K, 99% used [0x00000000ddd00000,0x00000000de7fad78,0x00000000de800000)
  to   space 16384K, 0% used [0x00000000e6300000,0x00000000e6300000,0x00000000e7300000)
 ParOldGen       total 44032K, used 17896K [0x0000000081e00000, 0x0000000084900000, 0x00000000d5f80000)
  object space 44032K, 40% used [0x0000000081e00000,0x0000000082f7a0c8,0x0000000084900000)
 Metaspace       used 33980K, capacity 35430K, committed 35496K, reserved 1079296K
  class space    used 4556K, capacity 4831K, committed 4864K, reserved 1048576K
Event: 13.637 GC heap after
Heap after GC invocations=9 (full 2):
 PSYoungGen      total 139776K, used 0K [0x00000000d5f80000, 0x00000000e7300000, 0x0000000100000000)
  eden space 128512K, 0% used [0x00000000d5f80000,0x00000000d5f80000,0x00000000ddd00000)
  from space 11264K, 0% used [0x00000000ddd00000,0x00000000ddd00000,0x00000000de800000)
  to   space 16384K, 0% used [0x00000000e6300000,0x00000000e6300000,0x00000000e7300000)
 ParOldGen       total 79360K, used 23563K [0x0000000081e00000, 0x0000000086b80000, 0x00000000d5f80000)
  object space 79360K, 29% used [0x0000000081e00000,0x0000000083502d70,0x0000000086b80000)
 Metaspace       used 33980K, capacity 35430K, committed 35496K, reserved 1079296K
  class space    used 4556K, capacity 4831K, committed 4864K, reserved 1048576K
}
Event: 16.189 GC heap before
{Heap before GC invocations=10 (full 2):
 PSYoungGen      total 139776K, used 128512K [0x00000000d5f80000, 0x00000000e7300000, 0x0000000100000000)
  eden space 128512K, 100% used [0x00000000d5f80000,0x00000000ddd00000,0x00000000ddd00000)
  from space 11264K, 0% used [0x00000000ddd00000,0x00000000ddd00000,0x00000000de800000)
  to   space 16384K, 0% used [0x00000000e6300000,0x00000000e6300000,0x00000000e7300000)
 ParOldGen       total 79360K, used 23563K [0x0000000081e00000, 0x0000000086b80000, 0x00000000d5f80000)
  object space 79360K, 29% used [0x0000000081e00000,0x0000000083502d70,0x0000000086b80000)
 Metaspace       used 44913K, capacity 46990K, committed 47232K, reserved 1089536K
  class space    used 6136K, capacity 6521K, committed 6528K, reserved 1048576K
Event: 16.201 GC heap after
Heap after GC invocations=10 (full 2):
 PSYoungGen      total 210944K, used 14457K [0x00000000d5f80000, 0x00000000e7180000, 0x0000000100000000)
  eden space 196096K, 0% used [0x00000000d5f80000,0x00000000d5f80000,0x00000000e1f00000)
  from space 14848K, 97% used [0x00000000e6300000,0x00000000e711e588,0x00000000e7180000)
  to   space 17920K, 0% used [0x00000000e4e80000,0x00000000e4e80000,0x00000000e6000000)
 ParOldGen       total 79360K, used 23571K [0x0000000081e00000, 0x0000000086b80000, 0x00000000d5f80000)
  object space 79360K, 29% used [0x0000000081e00000,0x0000000083504d70,0x0000000086b80000)
 Metaspace       used 44913K, capacity 46990K, committed 47232K, reserved 1089536K
  class space    used 6136K, capacity 6521K, committed 6528K, reserved 1048576K
}

